[2022-12-09 21:03:14]: Starting build for depot 2240141, content path is "C:\Users\pc\Desktop\MineSweeperTetris\sdk\tools\ContentBuilder\content\", build flags 0x0
[2022-12-09 21:03:14]: Building file listing for depot 2240141 ...
[2022-12-09 21:03:14]: Found 66 files for mapping: C:\Users\pc\Desktop\MineSweeperTetris\sdk\tools\ContentBuilder\content * -> .
[2022-12-09 21:03:14]: Found 66 files (1 MB) for depot 2240141
[2022-12-09 21:03:15]: Building depot 2240141, baseline manifest 808251828149249070 (48 files)
[2022-12-09 21:03:15]: Found 58 chunks ( 42 used previously ) for depot 2240141, took 0 minutes, 0 seconds
[2022-12-09 21:03:15]: Changes to baseline manifest 808251828149249070 :
[2022-12-09 21:03:15]: Added  : "bmp\0" 0 kB ,Flags: 64
[2022-12-09 21:03:15]: Added  : "bmp\0\arrow.bmp" 2 kB 
[2022-12-09 21:03:15]: Added  : "bmp\0\click.bmp" 6 kB 
[2022-12-09 21:03:15]: Added  : "bmp\0\cursor.bmp" 1 kB 
[2022-12-09 21:03:15]: Added  : "bmp\0\digt.bmp" 3 kB 
[2022-12-09 21:03:15]: Added  : "bmp\0\face.bmp" 3 kB 
[2022-12-09 21:03:15]: Added  : "bmp\0\icon.bmp" 3 kB 
[2022-12-09 21:03:15]: Added  : "bmp\0\menu.bmp" 5 kB 
[2022-12-09 21:03:15]: Added  : "bmp\0\ok.bmp" 4 kB 
[2022-12-09 21:03:15]: Added  : "bmp\1" 0 kB ,Flags: 64
[2022-12-09 21:03:15]: Added  : "bmp\1\arrow.bmp" 11 kB 
[2022-12-09 21:03:15]: Added  : "bmp\1\click.bmp" 31 kB 
[2022-12-09 21:03:15]: Added  : "bmp\1\cursor.bmp" 1 kB 
[2022-12-09 21:03:15]: Added  : "bmp\1\digt.bmp" 12 kB 
[2022-12-09 21:03:15]: Added  : "bmp\1\face.bmp" 3 kB 
[2022-12-09 21:03:15]: Added  : "bmp\1\icon.bmp" 15 kB 
[2022-12-09 21:03:15]: Added  : "bmp\1\menu.bmp" 28 kB 
[2022-12-09 21:03:15]: Added  : "bmp\1\ok.bmp" 20 kB 
[2022-12-09 21:03:15]: Changed: "MineSweeperTetris.exe" 586 kB size, 586 kB changed 
[2022-12-09 21:03:15]: Summary: 18 files added, 1 files changed, 0 files removed
[2022-12-09 21:03:15]: Uploading new manifest to 208.64.201.169:80 (handle 1059407567443195912, 7257 bytes).
[2022-12-09 21:03:16]: Uploading 10 out of 10 missing chunks.
[2022-12-09 21:03:18]: Success! New manifestID 7356372296810606278 created and 10 new chunks uploaded.
