[2022-12-10 08:46:09]: Starting build for depot 2204231, content path is "C:\Users\pc\Desktop\MineSweeperTetris\sdk\tools\ContentBuilder\content\", build flags 0x0
[2022-12-10 08:46:09]: Building file listing for depot 2204231 ...
[2022-12-10 08:46:09]: Found 66 files for mapping: C:\Users\pc\Desktop\MineSweeperTetris\sdk\tools\ContentBuilder\content * -> .
[2022-12-10 08:46:10]: Found 66 files (1 MB) for depot 2204231
[2022-12-10 08:46:10]: Building depot 2204231, baseline manifest 1566206207507547574 (66 files)
[2022-12-10 08:46:11]: Found 58 chunks ( 58 used previously ) for depot 2204231, took 0 minutes, 0 seconds
[2022-12-10 08:46:11]: Changes to baseline manifest 1566206207507547574 :
[2022-12-10 08:46:11]: Changed: "lan\arabic.txt" 1 kB size, 1 kB changed 
[2022-12-10 08:46:11]: Changed: "lan\brazilian.txt" 2 kB size, 2 kB changed 
[2022-12-10 08:46:11]: Changed: "lan\bulgarian.txt" 2 kB size, 2 kB changed 
[2022-12-10 08:46:11]: Changed: "lan\czech.txt" 2 kB size, 2 kB changed 
[2022-12-10 08:46:11]: Changed: "lan\danish.txt" 2 kB size, 2 kB changed 
[2022-12-10 08:46:11]: Changed: "lan\dutch.txt" 2 kB size, 2 kB changed 
[2022-12-10 08:46:11]: Changed: "lan\english.txt" 1 kB size, 1 kB changed 
[2022-12-10 08:46:11]: Changed: "lan\finnish.txt" 2 kB size, 2 kB changed 
[2022-12-10 08:46:11]: Changed: "lan\french.txt" 2 kB size, 2 kB changed 
[2022-12-10 08:46:11]: Changed: "lan\german.txt" 2 kB size, 2 kB changed 
[2022-12-10 08:46:11]: Changed: "lan\greek.txt" 2 kB size, 2 kB changed 
[2022-12-10 08:46:11]: Changed: "lan\hungarian.txt" 2 kB size, 2 kB changed 
[2022-12-10 08:46:11]: Changed: "lan\italian.txt" 2 kB size, 2 kB changed 
[2022-12-10 08:46:11]: Changed: "lan\japanese.txt" 1 kB size, 1 kB changed 
[2022-12-10 08:46:11]: Changed: "lan\koreana.txt" 1 kB size, 1 kB changed 
[2022-12-10 08:46:11]: Changed: "lan\latam.txt" 2 kB size, 2 kB changed 
[2022-12-10 08:46:11]: Changed: "lan\norwegian.txt" 2 kB size, 2 kB changed 
[2022-12-10 08:46:11]: Changed: "lan\polish.txt" 2 kB size, 2 kB changed 
[2022-12-10 08:46:11]: Changed: "lan\portuguese.txt" 2 kB size, 2 kB changed 
[2022-12-10 08:46:11]: Changed: "lan\romanian.txt" 2 kB size, 2 kB changed 
[2022-12-10 08:46:11]: Changed: "lan\russian.txt" 2 kB size, 2 kB changed 
[2022-12-10 08:46:11]: Changed: "lan\schinese.txt" 1 kB size, 1 kB changed 
[2022-12-10 08:46:11]: Changed: "lan\spanish.txt" 2 kB size, 2 kB changed 
[2022-12-10 08:46:11]: Changed: "lan\swedish.txt" 2 kB size, 2 kB changed 
[2022-12-10 08:46:11]: Changed: "lan\tchinese.txt" 1 kB size, 1 kB changed 
[2022-12-10 08:46:11]: Changed: "lan\thai.txt" 2 kB size, 2 kB changed 
[2022-12-10 08:46:11]: Changed: "lan\turkish.txt" 2 kB size, 2 kB changed 
[2022-12-10 08:46:11]: Changed: "lan\ukrainian.txt" 2 kB size, 2 kB changed 
[2022-12-10 08:46:11]: Changed: "lan\vietnamese.txt" 2 kB size, 2 kB changed 
[2022-12-10 08:46:11]: Changed: "MineSweeperTetris.exe" 587 kB size, 587 kB changed 
[2022-12-10 08:46:11]: Summary: 0 files added, 30 files changed, 0 files removed
[2022-12-10 08:46:11]: Uploading new manifest to 208.64.201.169:80 (handle 16688973283491614516, 7254 bytes).
[2022-12-10 08:46:12]: Uploading 28 out of 28 missing chunks.
[2022-12-10 08:46:15]: Success! New manifestID 7510978280209834427 created and 28 new chunks uploaded.
