cl : 命令行  warning D9025: 正在重写“/sdl”(用“/GS-”)
  main.cpp
G:\!temp\MineSweeperTetris\steam\steamtypes.h(1,1): warning C4819: 该文件包含不能在当前代码页(936)中表示的字符。请将该文件保存为 Unicode 格式以防止数据丢失
  (编译源文件“main.cpp”)
  
G:\!temp\MineSweeperTetris\steam\steamclientpublic.h(1,1): warning C4819: 该文件包含不能在当前代码页(936)中表示的字符。请将该文件保存为 Unicode 格式以防止数据丢失
  (编译源文件“main.cpp”)
  
G:\!temp\MineSweeperTetris\steam\steamuniverse.h(1,1): warning C4819: 该文件包含不能在当前代码页(936)中表示的字符。请将该文件保存为 Unicode 格式以防止数据丢失
  (编译源文件“main.cpp”)
  
G:\!temp\MineSweeperTetris\steam\isteamutils.h(1,1): warning C4819: 该文件包含不能在当前代码页(936)中表示的字符。请将该文件保存为 Unicode 格式以防止数据丢失
  (编译源文件“main.cpp”)
  
G:\!temp\MineSweeperTetris\steam\matchmakingtypes.h(1,1): warning C4819: 该文件包含不能在当前代码页(936)中表示的字符。请将该文件保存为 Unicode 格式以防止数据丢失
  (编译源文件“main.cpp”)
  
G:\!temp\MineSweeperTetris\steam\isteamremotestorage.h(1,1): warning C4819: 该文件包含不能在当前代码页(936)中表示的字符。请将该文件保存为 Unicode 格式以防止数据丢失
  (编译源文件“main.cpp”)
  
G:\!temp\MineSweeperTetris\steam\isteamscreenshots.h(1,1): warning C4819: 该文件包含不能在当前代码页(936)中表示的字符。请将该文件保存为 Unicode 格式以防止数据丢失
  (编译源文件“main.cpp”)
  
G:\!temp\MineSweeperTetris\steam\steamhttpenums.h(1,1): warning C4819: 该文件包含不能在当前代码页(936)中表示的字符。请将该文件保存为 Unicode 格式以防止数据丢失
  (编译源文件“main.cpp”)
  
G:\!temp\MineSweeperTetris\steam\isteaminventory.h(1,1): warning C4819: 该文件包含不能在当前代码页(936)中表示的字符。请将该文件保存为 Unicode 格式以防止数据丢失
  (编译源文件“main.cpp”)
  
G:\!temp\MineSweeperTetris\steam\isteamvideo.h(1,1): warning C4819: 该文件包含不能在当前代码页(936)中表示的字符。请将该文件保存为 Unicode 格式以防止数据丢失
  (编译源文件“main.cpp”)
  
G:\!temp\MineSweeperTetris\steam\isteamparentalsettings.h(1,1): warning C4819: 该文件包含不能在当前代码页(936)中表示的字符。请将该文件保存为 Unicode 格式以防止数据丢失
  (编译源文件“main.cpp”)
  
G:\!temp\MineSweeperTetris\disp.cpp(1297,76): warning C4244: “参数”: 从“UINT”转换到“Gdiplus::REAL”，可能丢失数据
  (编译源文件“main.cpp”)
  
G:\!temp\MineSweeperTetris\disp.cpp(1297,72): warning C4244: “参数”: 从“UINT”转换到“Gdiplus::REAL”，可能丢失数据
  (编译源文件“main.cpp”)
  
G:\!temp\MineSweeperTetris\steam.cpp(513,19): warning C4244: “初始化”: 从“double”转换到“long”，可能丢失数据
  (编译源文件“main.cpp”)
  
G:\!temp\MineSweeperTetris\steam.cpp(532,19): warning C4244: “初始化”: 从“double”转换到“long”，可能丢失数据
  (编译源文件“main.cpp”)
  
G:\!temp\MineSweeperTetris\board.cpp(706,31): warning C4805: “&”: 在操作中将类型“long”与类型“bool”混合不安全
  (编译源文件“main.cpp”)
  
G:\!temp\MineSweeperTetris\board.cpp(710,89): warning C4244: “参数”: 从“double”转换到“long”，可能丢失数据
  (编译源文件“main.cpp”)
  
G:\!temp\MineSweeperTetris\board.cpp(710,68): warning C4244: “参数”: 从“double”转换到“long”，可能丢失数据
  (编译源文件“main.cpp”)
  
G:\!temp\MineSweeperTetris\board.cpp(723,27): warning C4805: “&”: 在操作中将类型“long”与类型“bool”混合不安全
  (编译源文件“main.cpp”)
  
G:\!temp\MineSweeperTetris\board.cpp(726,25): warning C4244: “初始化”: 从“double”转换到“long”，可能丢失数据
  (编译源文件“main.cpp”)
  
G:\!temp\MineSweeperTetris\window.cpp(579,20): warning C4244: “=”: 从“double”转换到“long”，可能丢失数据
  (编译源文件“main.cpp”)
  
G:\!temp\MineSweeperTetris\window.cpp(580,19): warning C4244: “=”: 从“double”转换到“long”，可能丢失数据
  (编译源文件“main.cpp”)
  
G:\!temp\MineSweeperTetris\window.cpp(581,37): warning C4244: “参数”: 从“double”转换到“unsigned long”，可能丢失数据
  (编译源文件“main.cpp”)
  
G:\!temp\MineSweeperTetris\window.cpp(581,26): warning C4244: “参数”: 从“double”转换到“unsigned long”，可能丢失数据
  (编译源文件“main.cpp”)
  
G:\!temp\MineSweeperTetris\window.cpp(583,37): warning C4244: “参数”: 从“double”转换到“unsigned long”，可能丢失数据
  (编译源文件“main.cpp”)
  
G:\!temp\MineSweeperTetris\window.cpp(583,26): warning C4244: “参数”: 从“double”转换到“unsigned long”，可能丢失数据
  (编译源文件“main.cpp”)
  
G:\!temp\MineSweeperTetris\window.cpp(634,24): warning C4244: “=”: 从“double”转换到“long”，可能丢失数据
  (编译源文件“main.cpp”)
  
G:\!temp\MineSweeperTetris\window.cpp(635,23): warning C4244: “=”: 从“double”转换到“long”，可能丢失数据
  (编译源文件“main.cpp”)
  
G:\!temp\MineSweeperTetris\window.cpp(639,41): warning C4244: “参数”: 从“double”转换到“unsigned long”，可能丢失数据
  (编译源文件“main.cpp”)
  
G:\!temp\MineSweeperTetris\window.cpp(639,30): warning C4244: “参数”: 从“double”转换到“unsigned long”，可能丢失数据
  (编译源文件“main.cpp”)
  
G:\!temp\MineSweeperTetris\window.cpp(648,53): warning C4244: “参数”: 从“double”转换到“unsigned long”，可能丢失数据
  (编译源文件“main.cpp”)
  
G:\!temp\MineSweeperTetris\window.cpp(648,42): warning C4244: “参数”: 从“double”转换到“unsigned long”，可能丢失数据
  (编译源文件“main.cpp”)
  
G:\!temp\MineSweeperTetris\window.cpp(1190,48): warning C4244: “=”: 从“long”转换到“short”，可能丢失数据
  (编译源文件“main.cpp”)
  
G:\!temp\MineSweeperTetris\window.cpp(1256,77): warning C4244: “参数”: 从“double”转换到“unsigned long”，可能丢失数据
  (编译源文件“main.cpp”)
  
G:\!temp\MineSweeperTetris\window.cpp(1260,143): warning C4244: “参数”: 从“double”转换到“long”，可能丢失数据
  (编译源文件“main.cpp”)
  
G:\!temp\MineSweeperTetris\window.cpp(1264,104): warning C4244: “参数”: 从“double”转换到“unsigned long”，可能丢失数据
  (编译源文件“main.cpp”)
  
G:\!temp\MineSweeperTetris\window.cpp(1267,95): warning C4244: “参数”: 从“double”转换到“unsigned long”，可能丢失数据
  (编译源文件“main.cpp”)
  
G:\!temp\MineSweeperTetris\window.cpp(1268,99): warning C4244: “参数”: 从“double”转换到“unsigned long”，可能丢失数据
  (编译源文件“main.cpp”)
  
G:\!temp\MineSweeperTetris\window.cpp(1269,186): warning C4244: “参数”: 从“double”转换到“long”，可能丢失数据
  (编译源文件“main.cpp”)
  
G:\!temp\MineSweeperTetris\window.cpp(1273,162): warning C4244: “参数”: 从“double”转换到“long”，可能丢失数据
  (编译源文件“main.cpp”)
  
G:\!temp\MineSweeperTetris\window.cpp(1279,63): warning C4244: “参数”: 从“double”转换到“long”，可能丢失数据
  (编译源文件“main.cpp”)
  
G:\!temp\MineSweeperTetris\window.cpp(1283,54): warning C4244: “参数”: 从“double”转换到“long”，可能丢失数据
  (编译源文件“main.cpp”)
  
G:\!temp\MineSweeperTetris\window.cpp(1302,70): warning C4244: “参数”: 从“double”转换到“unsigned long”，可能丢失数据
  (编译源文件“main.cpp”)
  
G:\!temp\MineSweeperTetris\window.cpp(1303,94): warning C4244: “参数”: 从“double”转换到“long”，可能丢失数据
  (编译源文件“main.cpp”)
  
G:\!temp\MineSweeperTetris\window.cpp(1309,117): warning C4244: “参数”: 从“double”转换到“long”，可能丢失数据
  (编译源文件“main.cpp”)
  
G:\!temp\MineSweeperTetris\window.cpp(1316,86): warning C4244: “参数”: 从“double”转换到“long”，可能丢失数据
  (编译源文件“main.cpp”)
  
G:\!temp\MineSweeperTetris\window.cpp(1317,94): warning C4244: “参数”: 从“double”转换到“long”，可能丢失数据
  (编译源文件“main.cpp”)
  
G:\!temp\MineSweeperTetris\window.cpp(1855,53): warning C4244: “参数”: 从“double”转换到“unsigned long”，可能丢失数据
  (编译源文件“main.cpp”)
  
G:\!temp\MineSweeperTetris\window.cpp(1855,42): warning C4244: “参数”: 从“double”转换到“unsigned long”，可能丢失数据
  (编译源文件“main.cpp”)
  
G:\!temp\MineSweeperTetris\window.cpp(1857,48): warning C4244: “参数”: 从“double”转换到“unsigned long”，可能丢失数据
  (编译源文件“main.cpp”)
  
G:\!temp\MineSweeperTetris\window.cpp(1857,37): warning C4244: “参数”: 从“double”转换到“unsigned long”，可能丢失数据
  (编译源文件“main.cpp”)
  
G:\!temp\MineSweeperTetris\window.cpp(1885,53): warning C4244: “参数”: 从“double”转换到“unsigned long”，可能丢失数据
  (编译源文件“main.cpp”)
  
G:\!temp\MineSweeperTetris\window.cpp(1885,42): warning C4244: “参数”: 从“double”转换到“unsigned long”，可能丢失数据
  (编译源文件“main.cpp”)
  
G:\!temp\MineSweeperTetris\window.cpp(1887,50): warning C4244: “参数”: 从“double”转换到“unsigned long”，可能丢失数据
  (编译源文件“main.cpp”)
  
G:\!temp\MineSweeperTetris\window.cpp(1887,39): warning C4244: “参数”: 从“double”转换到“unsigned long”，可能丢失数据
  (编译源文件“main.cpp”)
  
G:\!temp\MineSweeperTetris\window.cpp(2070,13): warning C4244: “初始化”: 从“double”转换到“long”，可能丢失数据
  (编译源文件“main.cpp”)
  
G:\!temp\MineSweeperTetris\window.cpp(2071,13): warning C4244: “初始化”: 从“double”转换到“long”，可能丢失数据
  (编译源文件“main.cpp”)
  
G:\!temp\MineSweeperTetris\window.cpp(2083,13): warning C4244: “初始化”: 从“double”转换到“long”，可能丢失数据
  (编译源文件“main.cpp”)
  
G:\!temp\MineSweeperTetris\window.cpp(2084,13): warning C4244: “初始化”: 从“double”转换到“long”，可能丢失数据
  (编译源文件“main.cpp”)
  
G:\!temp\MineSweeperTetris\window.cpp(2245,63): warning C4244: “参数”: 从“double”转换到“long”，可能丢失数据
  (编译源文件“main.cpp”)
  
G:\!temp\MineSweeperTetris\window.cpp(2293,79): warning C4244: “参数”: 从“double”转换到“long”，可能丢失数据
  (编译源文件“main.cpp”)
  
G:\!temp\MineSweeperTetris\window.cpp(2298,63): warning C4805: “==”: 在操作中将类型“bool”与类型“long”混合不安全
  (编译源文件“main.cpp”)
  
G:\!temp\MineSweeperTetris\window.cpp(2304,63): warning C4805: “==”: 在操作中将类型“bool”与类型“long”混合不安全
  (编译源文件“main.cpp”)
  
G:\!temp\MineSweeperTetris\window.cpp(2349,55): warning C4805: “==”: 在操作中将类型“bool”与类型“long”混合不安全
  (编译源文件“main.cpp”)
  
G:\!temp\MineSweeperTetris\window.cpp(2356,58): warning C4805: “!=”: 在操作中将类型“bool”与类型“long”混合不安全
  (编译源文件“main.cpp”)
  
G:\!temp\MineSweeperTetris\window.cpp(2368,83): warning C4244: “参数”: 从“double”转换到“long”，可能丢失数据
  (编译源文件“main.cpp”)
  
G:\!temp\MineSweeperTetris\window.cpp(2374,87): warning C4244: “参数”: 从“double”转换到“long”，可能丢失数据
  (编译源文件“main.cpp”)
  
G:\!temp\MineSweeperTetris\window.cpp(2758,21): warning C4244: “参数”: 从“double”转换到“unsigned long”，可能丢失数据
  (编译源文件“main.cpp”)
  
G:\!temp\MineSweeperTetris\window.cpp(2770,54): warning C4244: “参数”: 从“double”转换到“unsigned long”，可能丢失数据
  (编译源文件“main.cpp”)
  
G:\!temp\MineSweeperTetris\window.cpp(2770,44): warning C4244: “参数”: 从“double”转换到“unsigned long”，可能丢失数据
  (编译源文件“main.cpp”)
  
G:\!temp\MineSweeperTetris\window.cpp(2770,34): warning C4244: “参数”: 从“double”转换到“long”，可能丢失数据
  (编译源文件“main.cpp”)
  
G:\!temp\MineSweeperTetris\window.cpp(2770,24): warning C4244: “参数”: 从“double”转换到“long”，可能丢失数据
  (编译源文件“main.cpp”)
  
G:\!temp\MineSweeperTetris\window.cpp(2775,54): warning C4244: “参数”: 从“double”转换到“unsigned long”，可能丢失数据
  (编译源文件“main.cpp”)
  
G:\!temp\MineSweeperTetris\window.cpp(2775,44): warning C4244: “参数”: 从“double”转换到“unsigned long”，可能丢失数据
  (编译源文件“main.cpp”)
  
G:\!temp\MineSweeperTetris\window.cpp(2775,34): warning C4244: “参数”: 从“double”转换到“long”，可能丢失数据
  (编译源文件“main.cpp”)
  
G:\!temp\MineSweeperTetris\window.cpp(2775,24): warning C4244: “参数”: 从“double”转换到“long”，可能丢失数据
  (编译源文件“main.cpp”)
  
G:\!temp\MineSweeperTetris\window.cpp(2780,54): warning C4244: “参数”: 从“double”转换到“unsigned long”，可能丢失数据
  (编译源文件“main.cpp”)
  
G:\!temp\MineSweeperTetris\window.cpp(2780,44): warning C4244: “参数”: 从“double”转换到“unsigned long”，可能丢失数据
  (编译源文件“main.cpp”)
  
G:\!temp\MineSweeperTetris\window.cpp(2780,34): warning C4244: “参数”: 从“double”转换到“long”，可能丢失数据
  (编译源文件“main.cpp”)
  
G:\!temp\MineSweeperTetris\window.cpp(2780,24): warning C4244: “参数”: 从“double”转换到“long”，可能丢失数据
  (编译源文件“main.cpp”)
  
G:\!temp\MineSweeperTetris\window.cpp(2785,34): warning C4244: “参数”: 从“double”转换到“long”，可能丢失数据
  (编译源文件“main.cpp”)
  
G:\!temp\MineSweeperTetris\window.cpp(2785,24): warning C4244: “参数”: 从“double”转换到“long”，可能丢失数据
  (编译源文件“main.cpp”)
  
G:\!temp\MineSweeperTetris\window.cpp(2790,38): warning C4244: “return”: 从“double”转换到“unsigned long”，可能丢失数据
  (编译源文件“main.cpp”)
  
  正在生成代码
  已完成代码的生成
  MineSweeperRush.vcxproj -> G:\!temp\MineSweeperTetris\Output\Win32\Release\MineSweeperRush.exe
